#! /usr/remote/bin/vvp
:ivl_version "10.1 (stable)";
:ivl_delay_selection "TYPICAL";
:vpi_time_precision + 0;
:vpi_module "system";
:vpi_module "vhdl_sys";
:vpi_module "v2005_math";
:vpi_module "va_math";
S_0x1a15e20 .scope module, "testbench" "testbench" 2 183;
 .timescale 0 0;
v0x1a6f1e0_0 .net "a0", 31 0, v0x1a6d1c0_0;  1 drivers
v0x1a6f2a0_0 .net "add_addr", 31 0, v0x1a6a060_0;  1 drivers
v0x1a6f3b0_0 .net "aluResult", 31 0, v0x1a6a570_0;  1 drivers
v0x1a6f4a0_0 .var "clock", 0 0;
v0x1a6f540_0 .net "current_addr", 31 0, v0x1a6ca20_0;  1 drivers
v0x1a6f6c0_0 .net "instruction", 31 0, v0x1a6b800_0;  1 drivers
v0x1a6f780_0 .net "jump_addr", 31 0, v0x1a6e960_0;  1 drivers
v0x1a6f840_0 .net "muxAluResult", 31 0, v0x1a6be40_0;  1 drivers
v0x1a6f950_0 .net "next_addr", 31 0, v0x1a6b240_0;  1 drivers
v0x1a6faa0_0 .net "readData1", 31 0, v0x1a6d2c0_0;  1 drivers
v0x1a6fbb0_0 .net "readData2", 31 0, v0x1a6d3b0_0;  1 drivers
v0x1a6fcc0_0 .net "signExtendData", 31 0, v0x1a6e470_0;  1 drivers
v0x1a6fdd0_0 .net "v0", 31 0, v0x1a6dd10_0;  1 drivers
v0x1a6fee0_0 .net "val", 10 0, v0x1a6ac60_0;  1 drivers
v0x1a6ffa0_0 .net "writeReg", 4 0, v0x1a6c640_0;  1 drivers
L_0x1a70090 .part v0x1a6ac60_0, 9, 1;
L_0x1a70180 .part v0x1a6ac60_0, 10, 1;
L_0x1a70220 .part v0x1a6b800_0, 21, 5;
L_0x1a702c0 .part v0x1a6b800_0, 16, 5;
L_0x1a70360 .part v0x1a6ac60_0, 2, 1;
L_0x1a70490 .part v0x1a6b800_0, 0, 16;
L_0x1a70640 .part v0x1a6ac60_0, 1, 1;
L_0x1a706e0 .part v0x1a6ac60_0, 3, 3;
S_0x1a15880 .scope module, "add" "adder" 2 202, 2 23 0, S_0x1a15e20;
 .timescale 0 0;
    .port_info 0 /INPUT 32 "addr"
    .port_info 1 /OUTPUT 32 "out"
v0x1a1d300_0 .net "addr", 31 0, v0x1a6ca20_0;  alias, 1 drivers
v0x1a6a060_0 .var "out", 31 0;
E_0x1a01700 .event edge, v0x1a1d300_0;
S_0x1a6a1a0 .scope module, "al" "alu" 2 214, 2 150 0, S_0x1a15e20;
 .timescale 0 0;
    .port_info 0 /INPUT 3 "aluOp"
    .port_info 1 /INPUT 32 "readData"
    .port_info 2 /INPUT 32 "readData2"
    .port_info 3 /OUTPUT 32 "aluResult"
v0x1a6a470_0 .net "aluOp", 2 0, L_0x1a706e0;  1 drivers
v0x1a6a570_0 .var "aluResult", 31 0;
v0x1a6a650_0 .net "readData", 31 0, v0x1a6d2c0_0;  alias, 1 drivers
v0x1a6a740_0 .net "readData2", 31 0, v0x1a6be40_0;  alias, 1 drivers
E_0x1a6a410 .event edge, v0x1a6a470_0, v0x1a6a650_0, v0x1a6a740_0;
S_0x1a6a8d0 .scope module, "con" "control" 2 204, 2 47 0, S_0x1a15e20;
 .timescale 0 0;
    .port_info 0 /INPUT 32 "instruction"
    .port_info 1 /OUTPUT 11 "val"
v0x1a6ab60_0 .net "instruction", 31 0, v0x1a6b800_0;  alias, 1 drivers
v0x1a6ac60_0 .var "val", 10 0;
E_0x1a6aae0 .event edge, v0x1a6ab60_0;
S_0x1a6ada0 .scope module, "m" "mux_Jump" 2 206, 2 100 0, S_0x1a15e20;
 .timescale 0 0;
    .port_info 0 /INPUT 1 "val"
    .port_info 1 /INPUT 32 "jumpAddr"
    .port_info 2 /INPUT 32 "addrFromAdder"
    .port_info 3 /OUTPUT 32 "next_addr"
v0x1a6b070_0 .net "addrFromAdder", 31 0, v0x1a6a060_0;  alias, 1 drivers
v0x1a6b180_0 .net "jumpAddr", 31 0, v0x1a6e960_0;  alias, 1 drivers
v0x1a6b240_0 .var "next_addr", 31 0;
v0x1a6b330_0 .net "val", 0 0, L_0x1a70090;  1 drivers
E_0x1a6b010 .event edge, v0x1a6b330_0, v0x1a6b180_0, v0x1a6a060_0;
S_0x1a6b4a0 .scope module, "mem" "memory" 2 203, 2 31 0, S_0x1a15e20;
 .timescale 0 0;
    .port_info 0 /INPUT 32 "addr"
    .port_info 1 /OUTPUT 32 "instruction"
v0x1a6b720_0 .net "addr", 31 0, v0x1a6ca20_0;  alias, 1 drivers
v0x1a6b800_0 .var "instruction", 31 0;
v0x1a6b8a0 .array "mem", 1052672 1048576, 31 0;
v0x1a6b970_0 .var "word_addr", 31 0;
S_0x1a6ba90 .scope module, "muxForA" "muxForALU" 2 213, 2 141 0, S_0x1a15e20;
 .timescale 0 0;
    .port_info 0 /INPUT 1 "aluSrc"
    .port_info 1 /INPUT 32 "readData2"
    .port_info 2 /INPUT 32 "signExtendReadData"
    .port_info 3 /OUTPUT 32 "muxResult"
v0x1a6bd60_0 .net "aluSrc", 0 0, L_0x1a70640;  1 drivers
v0x1a6be40_0 .var "muxResult", 31 0;
v0x1a6bf30_0 .net "readData2", 31 0, v0x1a6d3b0_0;  alias, 1 drivers
v0x1a6c000_0 .net "signExtendReadData", 31 0, v0x1a6e470_0;  alias, 1 drivers
E_0x1a6bd00 .event edge, v0x1a6bd60_0, v0x1a6bf30_0, v0x1a6c000_0;
S_0x1a6c190 .scope module, "muxForR" "muxForRegisters" 2 208, 2 110 0, S_0x1a15e20;
 .timescale 0 0;
    .port_info 0 /INPUT 32 "instruction"
    .port_info 1 /INPUT 1 "RegDst"
    .port_info 2 /OUTPUT 5 "writeReg"
v0x1a6c450_0 .net "RegDst", 0 0, L_0x1a70180;  1 drivers
v0x1a6c530_0 .net "instruction", 31 0, v0x1a6b800_0;  alias, 1 drivers
v0x1a6c640_0 .var "writeReg", 4 0;
E_0x1a6c3d0 .event edge, v0x1a6c450_0, v0x1a6ab60_0;
S_0x1a6c780 .scope module, "pc" "pcRegister" 2 207, 2 13 0, S_0x1a15e20;
 .timescale 0 0;
    .port_info 0 /INPUT 1 "clock"
    .port_info 1 /INPUT 32 "next_addr"
    .port_info 2 /OUTPUT 32 "addr"
v0x1a6ca20_0 .var "addr", 31 0;
v0x1a6cb50_0 .net "clock", 0 0, v0x1a6f4a0_0;  1 drivers
v0x1a6cc10_0 .net "next_addr", 31 0, v0x1a6b240_0;  alias, 1 drivers
E_0x1a6c9a0 .event posedge, v0x1a6cb50_0;
S_0x1a6cd10 .scope module, "regis" "registers" 2 210, 2 119 0, S_0x1a15e20;
 .timescale 0 0;
    .port_info 0 /INPUT 5 "rd1"
    .port_info 1 /INPUT 5 "rd2"
    .port_info 2 /INPUT 5 "writeRegister"
    .port_info 3 /INPUT 32 "rr"
    .port_info 4 /INPUT 1 "write"
    .port_info 5 /OUTPUT 32 "data1"
    .port_info 6 /OUTPUT 32 "data2"
    .port_info 7 /OUTPUT 32 "v0"
    .port_info 8 /OUTPUT 32 "a0"
v0x1a6d1c0_0 .var "a0", 31 0;
v0x1a6d2c0_0 .var "data1", 31 0;
v0x1a6d3b0_0 .var "data2", 31 0;
v0x1a6d4b0_0 .net "rd1", 4 0, L_0x1a70220;  1 drivers
v0x1a6d550_0 .net "rd2", 4 0, L_0x1a702c0;  1 drivers
v0x1a6d680 .array "register", 0 31, 31 0;
v0x1a6dc50_0 .net "rr", 31 0, v0x1a6a570_0;  alias, 1 drivers
v0x1a6dd10_0 .var "v0", 31 0;
v0x1a6ddd0_0 .net "write", 0 0, L_0x1a70360;  1 drivers
v0x1a6df20_0 .net "writeRegister", 4 0, v0x1a6c640_0;  alias, 1 drivers
v0x1a6d680_0 .array/port v0x1a6d680, 0;
v0x1a6d680_1 .array/port v0x1a6d680, 1;
v0x1a6d680_2 .array/port v0x1a6d680, 2;
v0x1a6d680_3 .array/port v0x1a6d680, 3;
E_0x1a6d050/0 .event edge, v0x1a6d680_0, v0x1a6d680_1, v0x1a6d680_2, v0x1a6d680_3;
v0x1a6d680_4 .array/port v0x1a6d680, 4;
v0x1a6d680_5 .array/port v0x1a6d680, 5;
v0x1a6d680_6 .array/port v0x1a6d680, 6;
v0x1a6d680_7 .array/port v0x1a6d680, 7;
E_0x1a6d050/1 .event edge, v0x1a6d680_4, v0x1a6d680_5, v0x1a6d680_6, v0x1a6d680_7;
v0x1a6d680_8 .array/port v0x1a6d680, 8;
v0x1a6d680_9 .array/port v0x1a6d680, 9;
v0x1a6d680_10 .array/port v0x1a6d680, 10;
v0x1a6d680_11 .array/port v0x1a6d680, 11;
E_0x1a6d050/2 .event edge, v0x1a6d680_8, v0x1a6d680_9, v0x1a6d680_10, v0x1a6d680_11;
v0x1a6d680_12 .array/port v0x1a6d680, 12;
v0x1a6d680_13 .array/port v0x1a6d680, 13;
v0x1a6d680_14 .array/port v0x1a6d680, 14;
v0x1a6d680_15 .array/port v0x1a6d680, 15;
E_0x1a6d050/3 .event edge, v0x1a6d680_12, v0x1a6d680_13, v0x1a6d680_14, v0x1a6d680_15;
v0x1a6d680_16 .array/port v0x1a6d680, 16;
v0x1a6d680_17 .array/port v0x1a6d680, 17;
v0x1a6d680_18 .array/port v0x1a6d680, 18;
v0x1a6d680_19 .array/port v0x1a6d680, 19;
E_0x1a6d050/4 .event edge, v0x1a6d680_16, v0x1a6d680_17, v0x1a6d680_18, v0x1a6d680_19;
v0x1a6d680_20 .array/port v0x1a6d680, 20;
v0x1a6d680_21 .array/port v0x1a6d680, 21;
v0x1a6d680_22 .array/port v0x1a6d680, 22;
v0x1a6d680_23 .array/port v0x1a6d680, 23;
E_0x1a6d050/5 .event edge, v0x1a6d680_20, v0x1a6d680_21, v0x1a6d680_22, v0x1a6d680_23;
v0x1a6d680_24 .array/port v0x1a6d680, 24;
v0x1a6d680_25 .array/port v0x1a6d680, 25;
v0x1a6d680_26 .array/port v0x1a6d680, 26;
v0x1a6d680_27 .array/port v0x1a6d680, 27;
E_0x1a6d050/6 .event edge, v0x1a6d680_24, v0x1a6d680_25, v0x1a6d680_26, v0x1a6d680_27;
v0x1a6d680_28 .array/port v0x1a6d680, 28;
v0x1a6d680_29 .array/port v0x1a6d680, 29;
v0x1a6d680_30 .array/port v0x1a6d680, 30;
v0x1a6d680_31 .array/port v0x1a6d680, 31;
E_0x1a6d050/7 .event edge, v0x1a6d680_28, v0x1a6d680_29, v0x1a6d680_30, v0x1a6d680_31;
E_0x1a6d050/8 .event edge, v0x1a6d4b0_0, v0x1a6d550_0, v0x1a6ddd0_0, v0x1a6a570_0;
E_0x1a6d050/9 .event edge, v0x1a6c640_0;
E_0x1a6d050 .event/or E_0x1a6d050/0, E_0x1a6d050/1, E_0x1a6d050/2, E_0x1a6d050/3, E_0x1a6d050/4, E_0x1a6d050/5, E_0x1a6d050/6, E_0x1a6d050/7, E_0x1a6d050/8, E_0x1a6d050/9;
S_0x1a6e110 .scope module, "sE" "signExtend" 2 212, 2 134 0, S_0x1a15e20;
 .timescale 0 0;
    .port_info 0 /INPUT 16 "instruc"
    .port_info 1 /OUTPUT 32 "signExtendReadData"
v0x1a6e370_0 .net "instruc", 15 0, L_0x1a70490;  1 drivers
v0x1a6e470_0 .var "signExtendReadData", 31 0;
E_0x1a6e2f0 .event edge, v0x1a6e370_0;
S_0x1a6e5a0 .scope module, "shi" "shift" 2 205, 2 91 0, S_0x1a15e20;
 .timescale 0 0;
    .port_info 0 /INPUT 32 "addr"
    .port_info 1 /INPUT 32 "instruction"
    .port_info 2 /OUTPUT 32 "jumpAddr"
v0x1a6e7c0_0 .net "addr", 31 0, v0x1a6ca20_0;  alias, 1 drivers
v0x1a6e8a0_0 .net "instruction", 31 0, v0x1a6b800_0;  alias, 1 drivers
v0x1a6e960_0 .var "jumpAddr", 31 0;
v0x1a6ea60_0 .var "next_addr", 31 0;
S_0x1a6eba0 .scope module, "sys" "syscall" 2 211, 2 167 0, S_0x1a15e20;
 .timescale 0 0;
    .port_info 0 /INPUT 32 "instruction"
    .port_info 1 /INPUT 32 "v0"
    .port_info 2 /INPUT 32 "a0"
v0x1a6ee40_0 .net "a0", 31 0, v0x1a6d1c0_0;  alias, 1 drivers
v0x1a6ef50_0 .net "instruction", 31 0, v0x1a6b800_0;  alias, 1 drivers
v0x1a6f080_0 .net "v0", 31 0, v0x1a6dd10_0;  alias, 1 drivers
E_0x1a6edc0 .event edge, v0x1a6ab60_0, v0x1a6dd10_0, v0x1a6d1c0_0;
    .scope S_0x1a15880;
T_0 ;
    %wait E_0x1a01700;
    %load/vec4 v0x1a1d300_0;
    %addi 4, 0, 32;
    %assign/vec4 v0x1a6a060_0, 0;
    %jmp T_0;
    .thread T_0, $push;
    .scope S_0x1a6b4a0;
T_1 ;
    %vpi_call 2 37 "$readmemh", "add_test.v", v0x1a6b8a0 {0 0 0};
    %end;
    .thread T_1;
    .scope S_0x1a6b4a0;
T_2 ;
    %wait E_0x1a01700;
    %load/vec4 v0x1a6b720_0;
    %ix/load 4, 2, 0;
    %flag_set/imm 4, 0;
    %shiftr 4;
    %store/vec4 v0x1a6b970_0, 0, 32;
    %load/vec4 v0x1a6b970_0;
    %subi 1048576, 0, 32;
    %ix/vec4 4;
    %load/vec4a v0x1a6b8a0, 4;
    %store/vec4 v0x1a6b800_0, 0, 32;
    %jmp T_2;
    .thread T_2, $push;
    .scope S_0x1a6a8d0;
T_3 ;
    %wait E_0x1a6aae0;
    %load/vec4 v0x1a6ab60_0;
    %parti/s 6, 26, 6;
    %pushi/vec4 0, 0, 6;
    %cmp/e;
    %flag_get/vec4 4;
    %load/vec4 v0x1a6ab60_0;
    %parti/s 6, 0, 2;
    %pushi/vec4 32, 0, 6;
    %cmp/e;
    %flag_get/vec4 4;
    %and;
    %flag_set/vec4 8;
    %jmp/0xz  T_3.0, 8;
    %pushi/vec4 1044, 0, 11;
    %store/vec4 v0x1a6ac60_0, 0, 11;
    %vpi_call 2 51 "$display", "Add Instruction" {0 0 0};
    %jmp T_3.1;
T_3.0 ;
    %load/vec4 v0x1a6ab60_0;
    %parti/s 6, 26, 6;
    %pushi/vec4 0, 0, 6;
    %cmp/e;
    %flag_get/vec4 4;
    %load/vec4 v0x1a6ab60_0;
    %parti/s 6, 0, 2;
    %pushi/vec4 34, 0, 6;
    %cmp/e;
    %flag_get/vec4 4;
    %and;
    %flag_set/vec4 8;
    %jmp/0xz  T_3.2, 8;
    %pushi/vec4 1076, 0, 11;
    %store/vec4 v0x1a6ac60_0, 0, 11;
    %jmp T_3.3;
T_3.2 ;
    %load/vec4 v0x1a6ab60_0;
    %parti/s 6, 26, 6;
    %pushi/vec4 0, 0, 6;
    %cmp/e;
    %flag_get/vec4 4;
    %load/vec4 v0x1a6ab60_0;
    %parti/s 6, 0, 2;
    %pushi/vec4 36, 0, 6;
    %cmp/e;
    %flag_get/vec4 4;
    %and;
    %flag_set/vec4 8;
    %jmp/0xz  T_3.4, 8;
    %pushi/vec4 1028, 0, 11;
    %store/vec4 v0x1a6ac60_0, 0, 11;
    %jmp T_3.5;
T_3.4 ;
    %load/vec4 v0x1a6ab60_0;
    %parti/s 6, 26, 6;
    %pushi/vec4 0, 0, 6;
    %cmp/e;
    %flag_get/vec4 4;
    %load/vec4 v0x1a6ab60_0;
    %parti/s 6, 0, 2;
    %pushi/vec4 37, 0, 6;
    %cmp/e;
    %flag_get/vec4 4;
    %and;
    %flag_set/vec4 8;
    %jmp/0xz  T_3.6, 8;
    %pushi/vec4 1036, 0, 11;
    %store/vec4 v0x1a6ac60_0, 0, 11;
    %jmp T_3.7;
T_3.6 ;
    %load/vec4 v0x1a6ab60_0;
    %parti/s 6, 26, 6;
    %pushi/vec4 0, 0, 6;
    %cmp/e;
    %flag_get/vec4 4;
    %load/vec4 v0x1a6ab60_0;
    %parti/s 6, 0, 2;
    %pushi/vec4 42, 0, 6;
    %cmp/e;
    %flag_get/vec4 4;
    %and;
    %flag_set/vec4 8;
    %jmp/0xz  T_3.8, 8;
    %pushi/vec4 1084, 0, 11;
    %store/vec4 v0x1a6ac60_0, 0, 11;
    %jmp T_3.9;
T_3.8 ;
    %load/vec4 v0x1a6ab60_0;
    %parti/s 6, 26, 6;
    %cmpi/e 8, 0, 6;
    %jmp/0xz  T_3.10, 4;
    %pushi/vec4 22, 0, 11;
    %store/vec4 v0x1a6ac60_0, 0, 11;
    %jmp T_3.11;
T_3.10 ;
    %load/vec4 v0x1a6ab60_0;
    %parti/s 6, 26, 6;
    %cmpi/e 13, 0, 6;
    %jmp/0xz  T_3.12, 4;
    %pushi/vec4 14, 0, 11;
    %store/vec4 v0x1a6ac60_0, 0, 11;
    %jmp T_3.13;
T_3.12 ;
    %load/vec4 v0x1a6ab60_0;
    %parti/s 6, 26, 6;
    %cmpi/e 35, 0, 6;
    %jmp/0xz  T_3.14, 4;
    %pushi/vec4 214, 0, 11;
    %store/vec4 v0x1a6ac60_0, 0, 11;
    %jmp T_3.15;
T_3.14 ;
    %load/vec4 v0x1a6ab60_0;
    %parti/s 6, 26, 6;
    %cmpi/e 43, 0, 6;
    %jmp/0xz  T_3.16, 4;
    %pushi/vec4 19, 0, 11;
    %store/vec4 v0x1a6ac60_0, 0, 11;
    %jmp T_3.17;
T_3.16 ;
    %load/vec4 v0x1a6ab60_0;
    %parti/s 6, 26, 6;
    %cmpi/e 4, 0, 6;
    %jmp/0xz  T_3.18, 4;
    %pushi/vec4 304, 0, 11;
    %store/vec4 v0x1a6ac60_0, 0, 11;
    %jmp T_3.19;
T_3.18 ;
    %load/vec4 v0x1a6ab60_0;
    %parti/s 6, 26, 6;
    %cmpi/e 5, 0, 6;
    %jmp/0xz  T_3.20, 4;
    %pushi/vec4 304, 0, 11;
    %store/vec4 v0x1a6ac60_0, 0, 11;
    %jmp T_3.21;
T_3.20 ;
    %load/vec4 v0x1a6ab60_0;
    %parti/s 6, 26, 6;
    %cmpi/e 2, 0, 6;
    %jmp/0xz  T_3.22, 4;
    %pushi/vec4 512, 0, 11;
    %store/vec4 v0x1a6ac60_0, 0, 11;
    %vpi_call 2 75 "$display", "Jump Instruction" {0 0 0};
    %vpi_call 2 76 "$display", "control bits - %x", v0x1a6ac60_0 {0 0 0};
    %jmp T_3.23;
T_3.22 ;
    %load/vec4 v0x1a6ab60_0;
    %parti/s 6, 26, 6;
    %cmpi/e 8, 0, 6;
    %jmp/0xz  T_3.24, 4;
    %pushi/vec4 512, 0, 11;
    %store/vec4 v0x1a6ac60_0, 0, 11;
    %jmp T_3.25;
T_3.24 ;
    %load/vec4 v0x1a6ab60_0;
    %parti/s 6, 26, 6;
    %cmpi/e 3, 0, 6;
    %jmp/0xz  T_3.26, 4;
    %pushi/vec4 516, 0, 11;
    %store/vec4 v0x1a6ac60_0, 0, 11;
    %jmp T_3.27;
T_3.26 ;
    %vpi_call 2 83 "$display", "instruction not supported, instruction - %x", v0x1a6ab60_0 {0 0 0};
    %vpi_call 2 84 "$display", "instruction opcode - %x", &PV<v0x1a6ab60_0, 26, 6> {0 0 0};
    %pushi/vec4 0, 0, 11;
    %store/vec4 v0x1a6ac60_0, 0, 11;
T_3.27 ;
T_3.25 ;
T_3.23 ;
T_3.21 ;
T_3.19 ;
T_3.17 ;
T_3.15 ;
T_3.13 ;
T_3.11 ;
T_3.9 ;
T_3.7 ;
T_3.5 ;
T_3.3 ;
T_3.1 ;
    %jmp T_3;
    .thread T_3, $push;
    .scope S_0x1a6e5a0;
T_4 ;
    %wait E_0x1a6aae0;
    %load/vec4 v0x1a6e7c0_0;
    %addi 4, 0, 32;
    %store/vec4 v0x1a6ea60_0, 0, 32;
    %load/vec4 v0x1a6ea60_0;
    %parti/s 4, 28, 6;
    %load/vec4 v0x1a6e8a0_0;
    %parti/s 26, 0, 2;
    %ix/load 4, 2, 0;
    %flag_set/imm 4, 0;
    %shiftl 4;
    %concat/vec4; draw_concat_vec4
    %pad/u 32;
    %store/vec4 v0x1a6e960_0, 0, 32;
    %jmp T_4;
    .thread T_4, $push;
    .scope S_0x1a6ada0;
T_5 ;
    %wait E_0x1a6b010;
    %load/vec4 v0x1a6b330_0;
    %pad/u 32;
    %cmpi/e 1, 0, 32;
    %jmp/0xz  T_5.0, 4;
    %load/vec4 v0x1a6b180_0;
    %store/vec4 v0x1a6b240_0, 0, 32;
    %jmp T_5.1;
T_5.0 ;
    %load/vec4 v0x1a6b070_0;
    %store/vec4 v0x1a6b240_0, 0, 32;
T_5.1 ;
    %jmp T_5;
    .thread T_5, $push;
    .scope S_0x1a6c780;
T_6 ;
    %pushi/vec4 4194336, 0, 32;
    %store/vec4 v0x1a6ca20_0, 0, 32;
    %end;
    .thread T_6;
    .scope S_0x1a6c780;
T_7 ;
    %wait E_0x1a6c9a0;
    %load/vec4 v0x1a6cc10_0;
    %assign/vec4 v0x1a6ca20_0, 0;
    %jmp T_7;
    .thread T_7;
    .scope S_0x1a6c190;
T_8 ;
    %wait E_0x1a6c3d0;
    %load/vec4 v0x1a6c450_0;
    %pad/u 32;
    %cmpi/e 1, 0, 32;
    %jmp/0xz  T_8.0, 4;
    %load/vec4 v0x1a6c530_0;
    %parti/s 5, 11, 5;
    %store/vec4 v0x1a6c640_0, 0, 5;
    %jmp T_8.1;
T_8.0 ;
    %load/vec4 v0x1a6c530_0;
    %parti/s 5, 16, 6;
    %store/vec4 v0x1a6c640_0, 0, 5;
T_8.1 ;
    %jmp T_8;
    .thread T_8, $push;
    .scope S_0x1a6cd10;
T_9 ;
    %wait E_0x1a6d050;
    %ix/load 4, 2, 0;
    %flag_set/imm 4, 0;
    %load/vec4a v0x1a6d680, 4;
    %store/vec4 v0x1a6dd10_0, 0, 32;
    %vpi_call 2 124 "$display", "registers" {0 0 0};
    %ix/load 4, 4, 0;
    %flag_set/imm 4, 0;
    %load/vec4a v0x1a6d680, 4;
    %store/vec4 v0x1a6d1c0_0, 0, 32;
    %load/vec4 v0x1a6d4b0_0;
    %pad/u 7;
    %ix/vec4 4;
    %load/vec4a v0x1a6d680, 4;
    %store/vec4 v0x1a6d2c0_0, 0, 32;
    %load/vec4 v0x1a6d550_0;
    %pad/u 7;
    %ix/vec4 4;
    %load/vec4a v0x1a6d680, 4;
    %store/vec4 v0x1a6d3b0_0, 0, 32;
    %load/vec4 v0x1a6ddd0_0;
    %flag_set/vec4 8;
    %jmp/0xz  T_9.0, 8;
    %load/vec4 v0x1a6dc50_0;
    %load/vec4 v0x1a6df20_0;
    %pad/u 7;
    %ix/vec4 4;
    %store/vec4a v0x1a6d680, 4, 0;
T_9.0 ;
    %jmp T_9;
    .thread T_9, $push;
    .scope S_0x1a6eba0;
T_10 ;
    %wait E_0x1a6edc0;
    %load/vec4 v0x1a6ef50_0;
    %cmpi/e 12, 0, 32;
    %jmp/0xz  T_10.0, 4;
    %load/vec4 v0x1a6f080_0;
    %cmpi/e 1, 0, 32;
    %jmp/0xz  T_10.2, 4;
    %vpi_call 2 171 "$display", "a0 - %x", v0x1a6ee40_0 {0 0 0};
    %jmp T_10.3;
T_10.2 ;
    %load/vec4 v0x1a6f080_0;
    %cmpi/e 10, 0, 32;
    %jmp/0xz  T_10.4, 4;
    %vpi_call 2 173 "$finish" {0 0 0};
T_10.4 ;
T_10.3 ;
T_10.0 ;
    %jmp T_10;
    .thread T_10, $push;
    .scope S_0x1a6e110;
T_11 ;
    %wait E_0x1a6e2f0;
    %load/vec4 v0x1a6e370_0;
    %parti/s 1, 15, 5;
    %replicate 16;
    %load/vec4 v0x1a6e370_0;
    %concat/vec4; draw_concat_vec4
    %store/vec4 v0x1a6e470_0, 0, 32;
    %jmp T_11;
    .thread T_11, $push;
    .scope S_0x1a6ba90;
T_12 ;
    %wait E_0x1a6bd00;
    %load/vec4 v0x1a6bd60_0;
    %pad/u 32;
    %cmpi/e 0, 0, 32;
    %jmp/0xz  T_12.0, 4;
    %load/vec4 v0x1a6bf30_0;
    %store/vec4 v0x1a6be40_0, 0, 32;
    %jmp T_12.1;
T_12.0 ;
    %load/vec4 v0x1a6c000_0;
    %store/vec4 v0x1a6be40_0, 0, 32;
T_12.1 ;
    %jmp T_12;
    .thread T_12, $push;
    .scope S_0x1a6a1a0;
T_13 ;
    %wait E_0x1a6a410;
    %load/vec4 v0x1a6a470_0;
    %cmpi/e 2, 0, 3;
    %jmp/0xz  T_13.0, 4;
    %load/vec4 v0x1a6a650_0;
    %load/vec4 v0x1a6a740_0;
    %add;
    %store/vec4 v0x1a6a570_0, 0, 32;
    %jmp T_13.1;
T_13.0 ;
    %load/vec4 v0x1a6a470_0;
    %cmpi/e 6, 0, 3;
    %jmp/0xz  T_13.2, 4;
    %load/vec4 v0x1a6a650_0;
    %load/vec4 v0x1a6a740_0;
    %sub;
    %store/vec4 v0x1a6a570_0, 0, 32;
    %jmp T_13.3;
T_13.2 ;
    %load/vec4 v0x1a6a470_0;
    %cmpi/e 1, 0, 3;
    %jmp/0xz  T_13.4, 4;
    %load/vec4 v0x1a6a650_0;
    %load/vec4 v0x1a6a740_0;
    %or;
    %store/vec4 v0x1a6a570_0, 0, 32;
    %jmp T_13.5;
T_13.4 ;
    %load/vec4 v0x1a6a470_0;
    %cmpi/e 0, 0, 3;
    %jmp/0xz  T_13.6, 4;
    %load/vec4 v0x1a6a650_0;
    %load/vec4 v0x1a6a740_0;
    %and;
    %store/vec4 v0x1a6a570_0, 0, 32;
T_13.6 ;
T_13.5 ;
T_13.3 ;
T_13.1 ;
    %jmp T_13;
    .thread T_13, $push;
    .scope S_0x1a15e20;
T_14 ;
    %pushi/vec4 0, 0, 1;
    %store/vec4 v0x1a6f4a0_0, 0, 1;
    %end;
    .thread T_14;
    .scope S_0x1a15e20;
T_15 ;
    %vpi_call 2 217 "$dumpfile", "test.vcd" {0 0 0};
    %vpi_call 2 218 "$dumpvars", 32'sb00000000000000000000000000000000, S_0x1a15e20 {0 0 0};
    %end;
    .thread T_15;
    .scope S_0x1a15e20;
T_16 ;
    %delay 10, 0;
    %load/vec4 v0x1a6f4a0_0;
    %inv;
    %store/vec4 v0x1a6f4a0_0, 0, 1;
    %load/vec4 v0x1a6f6c0_0;
    %cmpi/e 12, 0, 32;
    %jmp/0xz  T_16.0, 4;
    %vpi_call 2 226 "$display", "here" {0 0 0};
    %vpi_call 2 227 "$display", "v0 - %x", v0x1a6fdd0_0 {0 0 0};
    %vpi_call 2 228 "$display", "a0 - %x", v0x1a6f1e0_0 {0 0 0};
    %load/vec4 v0x1a6fdd0_0;
    %cmpi/e 1, 0, 32;
    %jmp/0xz  T_16.2, 4;
    %vpi_call 2 230 "$display", "a0 - %x", v0x1a6f1e0_0 {0 0 0};
    %jmp T_16.3;
T_16.2 ;
    %load/vec4 v0x1a6fdd0_0;
    %cmpi/e 10, 0, 32;
    %jmp/0xz  T_16.4, 4;
    %vpi_call 2 232 "$finish" {0 0 0};
T_16.4 ;
T_16.3 ;
T_16.0 ;
    %load/vec4 v0x1a6f6c0_0;
    %cmpi/e 0, 0, 32;
    %jmp/0xz  T_16.6, 4;
    %vpi_call 2 235 "$finish" {0 0 0};
T_16.6 ;
    %jmp T_16;
    .thread T_16;
# The file index is used to find the file name in the following table.
:file_names 3;
    "N/A";
    "<interactive>";
    "activity5.v";
